CRITICAL - 2024-03-20 21:27:21 --> CodeIgniter\Exceptions\FrameworkException: The framework needs the following extension(s) installed and loaded: intl.
in SYSTEMPATH\CodeIgniter.php on line 252.
 1 SYSTEMPATH\CodeIgniter.php(252): CodeIgniter\Exceptions\FrameworkException::forMissingExtension('intl')
 2 SYSTEMPATH\CodeIgniter.php(214): CodeIgniter\CodeIgniter->resolvePlatformExtensions()
 3 FCPATH\index.php(67): CodeIgniter\CodeIgniter->initialize()
CRITICAL - 2024-03-20 21:27:27 --> CodeIgniter\Exceptions\FrameworkException: The framework needs the following extension(s) installed and loaded: intl.
in SYSTEMPATH\CodeIgniter.php on line 252.
 1 SYSTEMPATH\CodeIgniter.php(252): CodeIgniter\Exceptions\FrameworkException::forMissingExtension('intl')
 2 SYSTEMPATH\CodeIgniter.php(214): CodeIgniter\CodeIgniter->resolvePlatformExtensions()
 3 FCPATH\index.php(67): CodeIgniter\CodeIgniter->initialize()
CRITICAL - 2024-03-20 21:28:25 --> CodeIgniter\Exceptions\FrameworkException: The framework needs the following extension(s) installed and loaded: intl.
in SYSTEMPATH\CodeIgniter.php on line 252.
 1 SYSTEMPATH\CodeIgniter.php(252): CodeIgniter\Exceptions\FrameworkException::forMissingExtension('intl')
 2 SYSTEMPATH\CodeIgniter.php(214): CodeIgniter\CodeIgniter->resolvePlatformExtensions()
 3 FCPATH\index.php(67): CodeIgniter\CodeIgniter->initialize()
CRITICAL - 2024-03-20 21:28:26 --> CodeIgniter\Exceptions\FrameworkException: The framework needs the following extension(s) installed and loaded: intl.
in SYSTEMPATH\CodeIgniter.php on line 252.
 1 SYSTEMPATH\CodeIgniter.php(252): CodeIgniter\Exceptions\FrameworkException::forMissingExtension('intl')
 2 SYSTEMPATH\CodeIgniter.php(214): CodeIgniter\CodeIgniter->resolvePlatformExtensions()
 3 FCPATH\index.php(67): CodeIgniter\CodeIgniter->initialize()
CRITICAL - 2024-03-20 21:28:26 --> CodeIgniter\Exceptions\FrameworkException: The framework needs the following extension(s) installed and loaded: intl.
in SYSTEMPATH\CodeIgniter.php on line 252.
 1 SYSTEMPATH\CodeIgniter.php(252): CodeIgniter\Exceptions\FrameworkException::forMissingExtension('intl')
 2 SYSTEMPATH\CodeIgniter.php(214): CodeIgniter\CodeIgniter->resolvePlatformExtensions()
 3 FCPATH\index.php(67): CodeIgniter\CodeIgniter->initialize()
CRITICAL - 2024-03-20 21:29:27 --> CodeIgniter\Exceptions\FrameworkException: The framework needs the following extension(s) installed and loaded: intl.
in SYSTEMPATH\CodeIgniter.php on line 252.
 1 SYSTEMPATH\CodeIgniter.php(252): CodeIgniter\Exceptions\FrameworkException::forMissingExtension('intl')
 2 SYSTEMPATH\CodeIgniter.php(214): CodeIgniter\CodeIgniter->resolvePlatformExtensions()
 3 FCPATH\index.php(67): CodeIgniter\CodeIgniter->initialize()
ERROR - 2024-03-20 21:42:37 --> mysqli_sql_exception: Column 'nama_karyawan' cannot be null in C:\xampp\htdocs\project2\system\Database\MySQLi\Connection.php:306
Stack trace:
#0 C:\xampp\htdocs\project2\system\Database\MySQLi\Connection.php(306): mysqli->query('INSERT INTO `da...', 0)
#1 C:\xampp\htdocs\project2\system\Database\BaseConnection.php(693): CodeIgniter\Database\MySQLi\Connection->execute('INSERT INTO `da...')
#2 C:\xampp\htdocs\project2\system\Database\BaseConnection.php(607): CodeIgniter\Database\BaseConnection->simpleQuery('INSERT INTO `da...')
#3 C:\xampp\htdocs\project2\system\Database\BaseBuilder.php(2307): CodeIgniter\Database\BaseConnection->query('INSERT INTO `da...', Array, false)
#4 C:\xampp\htdocs\project2\app\Models\Karyawan_model.php(23): CodeIgniter\Database\BaseBuilder->insert(Array)
#5 C:\xampp\htdocs\project2\app\Controllers\Karyawan.php(30): App\Models\Karyawan_model->saveKaryawan(Array)
#6 C:\xampp\htdocs\project2\system\CodeIgniter.php(941): App\Controllers\Karyawan->add()
#7 C:\xampp\htdocs\project2\system\CodeIgniter.php(502): CodeIgniter\CodeIgniter->runController(Object(App\Controllers\Karyawan))
#8 C:\xampp\htdocs\project2\system\CodeIgniter.php(361): CodeIgniter\CodeIgniter->handleRequest(NULL, Object(Config\Cache), false)
#9 C:\xampp\htdocs\project2\public\index.php(79): CodeIgniter\CodeIgniter->run()
#10 {main}
CRITICAL - 2024-03-20 21:42:37 --> CodeIgniter\Database\Exceptions\DatabaseException: Column 'nama_karyawan' cannot be null
in SYSTEMPATH\Database\BaseConnection.php on line 647.
 1 SYSTEMPATH\Database\BaseBuilder.php(2307): CodeIgniter\Database\BaseConnection->query('INSERT INTO `data_karyawan` (`nama_karyawan`, `usia`, `status_vaksin_1`, `status_vaksin_2`) VALUES (:nama_karyawan:, :usia:, :status_vaksin_1:, :status_vaksin_2:)', [...], false)
 2 APPPATH\Models\Karyawan_model.php(23): CodeIgniter\Database\BaseBuilder->insert([...])
 3 APPPATH\Controllers\Karyawan.php(30): App\Models\Karyawan_model->saveKaryawan([...])
 4 SYSTEMPATH\CodeIgniter.php(941): App\Controllers\Karyawan->add()
 5 SYSTEMPATH\CodeIgniter.php(502): CodeIgniter\CodeIgniter->runController(Object(App\Controllers\Karyawan))
 6 SYSTEMPATH\CodeIgniter.php(361): CodeIgniter\CodeIgniter->handleRequest(null, Object(Config\Cache), false)
 7 FCPATH\index.php(79): CodeIgniter\CodeIgniter->run()
CRITICAL - 2024-03-20 21:42:37 --> [Caused by] CodeIgniter\Database\Exceptions\DatabaseException: Column 'nama_karyawan' cannot be null
in SYSTEMPATH\Database\MySQLi\Connection.php on line 311.
 1 SYSTEMPATH\Database\BaseConnection.php(693): CodeIgniter\Database\MySQLi\Connection->execute('INSERT INTO `data_karyawan` (`nama_karyawan`, `usia`, `status_vaksin_1`, `status_vaksin_2`) VALUES (NULL, NULL, NULL, NULL)')
 2 SYSTEMPATH\Database\BaseConnection.php(607): CodeIgniter\Database\BaseConnection->simpleQuery('INSERT INTO `data_karyawan` (`nama_karyawan`, `usia`, `status_vaksin_1`, `status_vaksin_2`) VALUES (NULL, NULL, NULL, NULL)')
 3 SYSTEMPATH\Database\BaseBuilder.php(2307): CodeIgniter\Database\BaseConnection->query('INSERT INTO `data_karyawan` (`nama_karyawan`, `usia`, `status_vaksin_1`, `status_vaksin_2`) VALUES (:nama_karyawan:, :usia:, :status_vaksin_1:, :status_vaksin_2:)', [...], false)
 4 APPPATH\Models\Karyawan_model.php(23): CodeIgniter\Database\BaseBuilder->insert([...])
 5 APPPATH\Controllers\Karyawan.php(30): App\Models\Karyawan_model->saveKaryawan([...])
 6 SYSTEMPATH\CodeIgniter.php(941): App\Controllers\Karyawan->add()
 7 SYSTEMPATH\CodeIgniter.php(502): CodeIgniter\CodeIgniter->runController(Object(App\Controllers\Karyawan))
 8 SYSTEMPATH\CodeIgniter.php(361): CodeIgniter\CodeIgniter->handleRequest(null, Object(Config\Cache), false)
 9 FCPATH\index.php(79): CodeIgniter\CodeIgniter->run()
CRITICAL - 2024-03-20 21:42:37 --> [Caused by] mysqli_sql_exception: Column 'nama_karyawan' cannot be null
in SYSTEMPATH\Database\MySQLi\Connection.php on line 306.
 1 SYSTEMPATH\Database\MySQLi\Connection.php(306): mysqli->query('INSERT INTO `data_karyawan` (`nama_karyawan`, `usia`, `status_vaksin_1`, `status_vaksin_2`) VALUES (NULL, NULL, NULL, NULL)', 0)
 2 SYSTEMPATH\Database\BaseConnection.php(693): CodeIgniter\Database\MySQLi\Connection->execute('INSERT INTO `data_karyawan` (`nama_karyawan`, `usia`, `status_vaksin_1`, `status_vaksin_2`) VALUES (NULL, NULL, NULL, NULL)')
 3 SYSTEMPATH\Database\BaseConnection.php(607): CodeIgniter\Database\BaseConnection->simpleQuery('INSERT INTO `data_karyawan` (`nama_karyawan`, `usia`, `status_vaksin_1`, `status_vaksin_2`) VALUES (NULL, NULL, NULL, NULL)')
 4 SYSTEMPATH\Database\BaseBuilder.php(2307): CodeIgniter\Database\BaseConnection->query('INSERT INTO `data_karyawan` (`nama_karyawan`, `usia`, `status_vaksin_1`, `status_vaksin_2`) VALUES (:nama_karyawan:, :usia:, :status_vaksin_1:, :status_vaksin_2:)', [...], false)
 5 APPPATH\Models\Karyawan_model.php(23): CodeIgniter\Database\BaseBuilder->insert([...])
 6 APPPATH\Controllers\Karyawan.php(30): App\Models\Karyawan_model->saveKaryawan([...])
 7 SYSTEMPATH\CodeIgniter.php(941): App\Controllers\Karyawan->add()
 8 SYSTEMPATH\CodeIgniter.php(502): CodeIgniter\CodeIgniter->runController(Object(App\Controllers\Karyawan))
 9 SYSTEMPATH\CodeIgniter.php(361): CodeIgniter\CodeIgniter->handleRequest(null, Object(Config\Cache), false)
10 FCPATH\index.php(79): CodeIgniter\CodeIgniter->run()
ERROR - 2024-03-20 21:43:45 --> mysqli_sql_exception: Column 'nama_karyawan' cannot be null in C:\xampp\htdocs\project2\system\Database\MySQLi\Connection.php:306
Stack trace:
#0 C:\xampp\htdocs\project2\system\Database\MySQLi\Connection.php(306): mysqli->query('INSERT INTO `da...', 0)
#1 C:\xampp\htdocs\project2\system\Database\BaseConnection.php(693): CodeIgniter\Database\MySQLi\Connection->execute('INSERT INTO `da...')
#2 C:\xampp\htdocs\project2\system\Database\BaseConnection.php(607): CodeIgniter\Database\BaseConnection->simpleQuery('INSERT INTO `da...')
#3 C:\xampp\htdocs\project2\system\Database\BaseBuilder.php(2307): CodeIgniter\Database\BaseConnection->query('INSERT INTO `da...', Array, false)
#4 C:\xampp\htdocs\project2\app\Models\Karyawan_model.php(23): CodeIgniter\Database\BaseBuilder->insert(Array)
#5 C:\xampp\htdocs\project2\app\Controllers\Karyawan.php(30): App\Models\Karyawan_model->saveKaryawan(Array)
#6 C:\xampp\htdocs\project2\system\CodeIgniter.php(941): App\Controllers\Karyawan->add()
#7 C:\xampp\htdocs\project2\system\CodeIgniter.php(502): CodeIgniter\CodeIgniter->runController(Object(App\Controllers\Karyawan))
#8 C:\xampp\htdocs\project2\system\CodeIgniter.php(361): CodeIgniter\CodeIgniter->handleRequest(NULL, Object(Config\Cache), false)
#9 C:\xampp\htdocs\project2\public\index.php(79): CodeIgniter\CodeIgniter->run()
#10 {main}
CRITICAL - 2024-03-20 21:43:45 --> CodeIgniter\Database\Exceptions\DatabaseException: Column 'nama_karyawan' cannot be null
in SYSTEMPATH\Database\BaseConnection.php on line 647.
 1 SYSTEMPATH\Database\BaseBuilder.php(2307): CodeIgniter\Database\BaseConnection->query('INSERT INTO `data_karyawan` (`nama_karyawan`, `usia`, `status_vaksin_1`, `status_vaksin_2`) VALUES (:nama_karyawan:, :usia:, :status_vaksin_1:, :status_vaksin_2:)', [...], false)
 2 APPPATH\Models\Karyawan_model.php(23): CodeIgniter\Database\BaseBuilder->insert([...])
 3 APPPATH\Controllers\Karyawan.php(30): App\Models\Karyawan_model->saveKaryawan([...])
 4 SYSTEMPATH\CodeIgniter.php(941): App\Controllers\Karyawan->add()
 5 SYSTEMPATH\CodeIgniter.php(502): CodeIgniter\CodeIgniter->runController(Object(App\Controllers\Karyawan))
 6 SYSTEMPATH\CodeIgniter.php(361): CodeIgniter\CodeIgniter->handleRequest(null, Object(Config\Cache), false)
 7 FCPATH\index.php(79): CodeIgniter\CodeIgniter->run()
CRITICAL - 2024-03-20 21:43:45 --> [Caused by] CodeIgniter\Database\Exceptions\DatabaseException: Column 'nama_karyawan' cannot be null
in SYSTEMPATH\Database\MySQLi\Connection.php on line 311.
 1 SYSTEMPATH\Database\BaseConnection.php(693): CodeIgniter\Database\MySQLi\Connection->execute('INSERT INTO `data_karyawan` (`nama_karyawan`, `usia`, `status_vaksin_1`, `status_vaksin_2`) VALUES (NULL, NULL, NULL, NULL)')
 2 SYSTEMPATH\Database\BaseConnection.php(607): CodeIgniter\Database\BaseConnection->simpleQuery('INSERT INTO `data_karyawan` (`nama_karyawan`, `usia`, `status_vaksin_1`, `status_vaksin_2`) VALUES (NULL, NULL, NULL, NULL)')
 3 SYSTEMPATH\Database\BaseBuilder.php(2307): CodeIgniter\Database\BaseConnection->query('INSERT INTO `data_karyawan` (`nama_karyawan`, `usia`, `status_vaksin_1`, `status_vaksin_2`) VALUES (:nama_karyawan:, :usia:, :status_vaksin_1:, :status_vaksin_2:)', [...], false)
 4 APPPATH\Models\Karyawan_model.php(23): CodeIgniter\Database\BaseBuilder->insert([...])
 5 APPPATH\Controllers\Karyawan.php(30): App\Models\Karyawan_model->saveKaryawan([...])
 6 SYSTEMPATH\CodeIgniter.php(941): App\Controllers\Karyawan->add()
 7 SYSTEMPATH\CodeIgniter.php(502): CodeIgniter\CodeIgniter->runController(Object(App\Controllers\Karyawan))
 8 SYSTEMPATH\CodeIgniter.php(361): CodeIgniter\CodeIgniter->handleRequest(null, Object(Config\Cache), false)
 9 FCPATH\index.php(79): CodeIgniter\CodeIgniter->run()
CRITICAL - 2024-03-20 21:43:45 --> [Caused by] mysqli_sql_exception: Column 'nama_karyawan' cannot be null
in SYSTEMPATH\Database\MySQLi\Connection.php on line 306.
 1 SYSTEMPATH\Database\MySQLi\Connection.php(306): mysqli->query('INSERT INTO `data_karyawan` (`nama_karyawan`, `usia`, `status_vaksin_1`, `status_vaksin_2`) VALUES (NULL, NULL, NULL, NULL)', 0)
 2 SYSTEMPATH\Database\BaseConnection.php(693): CodeIgniter\Database\MySQLi\Connection->execute('INSERT INTO `data_karyawan` (`nama_karyawan`, `usia`, `status_vaksin_1`, `status_vaksin_2`) VALUES (NULL, NULL, NULL, NULL)')
 3 SYSTEMPATH\Database\BaseConnection.php(607): CodeIgniter\Database\BaseConnection->simpleQuery('INSERT INTO `data_karyawan` (`nama_karyawan`, `usia`, `status_vaksin_1`, `status_vaksin_2`) VALUES (NULL, NULL, NULL, NULL)')
 4 SYSTEMPATH\Database\BaseBuilder.php(2307): CodeIgniter\Database\BaseConnection->query('INSERT INTO `data_karyawan` (`nama_karyawan`, `usia`, `status_vaksin_1`, `status_vaksin_2`) VALUES (:nama_karyawan:, :usia:, :status_vaksin_1:, :status_vaksin_2:)', [...], false)
 5 APPPATH\Models\Karyawan_model.php(23): CodeIgniter\Database\BaseBuilder->insert([...])
 6 APPPATH\Controllers\Karyawan.php(30): App\Models\Karyawan_model->saveKaryawan([...])
 7 SYSTEMPATH\CodeIgniter.php(941): App\Controllers\Karyawan->add()
 8 SYSTEMPATH\CodeIgniter.php(502): CodeIgniter\CodeIgniter->runController(Object(App\Controllers\Karyawan))
 9 SYSTEMPATH\CodeIgniter.php(361): CodeIgniter\CodeIgniter->handleRequest(null, Object(Config\Cache), false)
10 FCPATH\index.php(79): CodeIgniter\CodeIgniter->run()
ERROR - 2024-03-20 21:43:59 --> mysqli_sql_exception: Column 'nama_karyawan' cannot be null in C:\xampp\htdocs\project2\system\Database\MySQLi\Connection.php:306
Stack trace:
#0 C:\xampp\htdocs\project2\system\Database\MySQLi\Connection.php(306): mysqli->query('INSERT INTO `da...', 0)
#1 C:\xampp\htdocs\project2\system\Database\BaseConnection.php(693): CodeIgniter\Database\MySQLi\Connection->execute('INSERT INTO `da...')
#2 C:\xampp\htdocs\project2\system\Database\BaseConnection.php(607): CodeIgniter\Database\BaseConnection->simpleQuery('INSERT INTO `da...')
#3 C:\xampp\htdocs\project2\system\Database\BaseBuilder.php(2307): CodeIgniter\Database\BaseConnection->query('INSERT INTO `da...', Array, false)
#4 C:\xampp\htdocs\project2\app\Models\Karyawan_model.php(23): CodeIgniter\Database\BaseBuilder->insert(Array)
#5 C:\xampp\htdocs\project2\app\Controllers\Karyawan.php(30): App\Models\Karyawan_model->saveKaryawan(Array)
#6 C:\xampp\htdocs\project2\system\CodeIgniter.php(941): App\Controllers\Karyawan->add()
#7 C:\xampp\htdocs\project2\system\CodeIgniter.php(502): CodeIgniter\CodeIgniter->runController(Object(App\Controllers\Karyawan))
#8 C:\xampp\htdocs\project2\system\CodeIgniter.php(361): CodeIgniter\CodeIgniter->handleRequest(NULL, Object(Config\Cache), false)
#9 C:\xampp\htdocs\project2\public\index.php(79): CodeIgniter\CodeIgniter->run()
#10 {main}
CRITICAL - 2024-03-20 21:43:59 --> CodeIgniter\Database\Exceptions\DatabaseException: Column 'nama_karyawan' cannot be null
in SYSTEMPATH\Database\BaseConnection.php on line 647.
 1 SYSTEMPATH\Database\BaseBuilder.php(2307): CodeIgniter\Database\BaseConnection->query('INSERT INTO `data_karyawan` (`nama_karyawan`, `usia`, `status_vaksin_1`, `status_vaksin_2`) VALUES (:nama_karyawan:, :usia:, :status_vaksin_1:, :status_vaksin_2:)', [...], false)
 2 APPPATH\Models\Karyawan_model.php(23): CodeIgniter\Database\BaseBuilder->insert([...])
 3 APPPATH\Controllers\Karyawan.php(30): App\Models\Karyawan_model->saveKaryawan([...])
 4 SYSTEMPATH\CodeIgniter.php(941): App\Controllers\Karyawan->add()
 5 SYSTEMPATH\CodeIgniter.php(502): CodeIgniter\CodeIgniter->runController(Object(App\Controllers\Karyawan))
 6 SYSTEMPATH\CodeIgniter.php(361): CodeIgniter\CodeIgniter->handleRequest(null, Object(Config\Cache), false)
 7 FCPATH\index.php(79): CodeIgniter\CodeIgniter->run()
CRITICAL - 2024-03-20 21:43:59 --> [Caused by] CodeIgniter\Database\Exceptions\DatabaseException: Column 'nama_karyawan' cannot be null
in SYSTEMPATH\Database\MySQLi\Connection.php on line 311.
 1 SYSTEMPATH\Database\BaseConnection.php(693): CodeIgniter\Database\MySQLi\Connection->execute('INSERT INTO `data_karyawan` (`nama_karyawan`, `usia`, `status_vaksin_1`, `status_vaksin_2`) VALUES (NULL, NULL, NULL, NULL)')
 2 SYSTEMPATH\Database\BaseConnection.php(607): CodeIgniter\Database\BaseConnection->simpleQuery('INSERT INTO `data_karyawan` (`nama_karyawan`, `usia`, `status_vaksin_1`, `status_vaksin_2`) VALUES (NULL, NULL, NULL, NULL)')
 3 SYSTEMPATH\Database\BaseBuilder.php(2307): CodeIgniter\Database\BaseConnection->query('INSERT INTO `data_karyawan` (`nama_karyawan`, `usia`, `status_vaksin_1`, `status_vaksin_2`) VALUES (:nama_karyawan:, :usia:, :status_vaksin_1:, :status_vaksin_2:)', [...], false)
 4 APPPATH\Models\Karyawan_model.php(23): CodeIgniter\Database\BaseBuilder->insert([...])
 5 APPPATH\Controllers\Karyawan.php(30): App\Models\Karyawan_model->saveKaryawan([...])
 6 SYSTEMPATH\CodeIgniter.php(941): App\Controllers\Karyawan->add()
 7 SYSTEMPATH\CodeIgniter.php(502): CodeIgniter\CodeIgniter->runController(Object(App\Controllers\Karyawan))
 8 SYSTEMPATH\CodeIgniter.php(361): CodeIgniter\CodeIgniter->handleRequest(null, Object(Config\Cache), false)
 9 FCPATH\index.php(79): CodeIgniter\CodeIgniter->run()
CRITICAL - 2024-03-20 21:43:59 --> [Caused by] mysqli_sql_exception: Column 'nama_karyawan' cannot be null
in SYSTEMPATH\Database\MySQLi\Connection.php on line 306.
 1 SYSTEMPATH\Database\MySQLi\Connection.php(306): mysqli->query('INSERT INTO `data_karyawan` (`nama_karyawan`, `usia`, `status_vaksin_1`, `status_vaksin_2`) VALUES (NULL, NULL, NULL, NULL)', 0)
 2 SYSTEMPATH\Database\BaseConnection.php(693): CodeIgniter\Database\MySQLi\Connection->execute('INSERT INTO `data_karyawan` (`nama_karyawan`, `usia`, `status_vaksin_1`, `status_vaksin_2`) VALUES (NULL, NULL, NULL, NULL)')
 3 SYSTEMPATH\Database\BaseConnection.php(607): CodeIgniter\Database\BaseConnection->simpleQuery('INSERT INTO `data_karyawan` (`nama_karyawan`, `usia`, `status_vaksin_1`, `status_vaksin_2`) VALUES (NULL, NULL, NULL, NULL)')
 4 SYSTEMPATH\Database\BaseBuilder.php(2307): CodeIgniter\Database\BaseConnection->query('INSERT INTO `data_karyawan` (`nama_karyawan`, `usia`, `status_vaksin_1`, `status_vaksin_2`) VALUES (:nama_karyawan:, :usia:, :status_vaksin_1:, :status_vaksin_2:)', [...], false)
 5 APPPATH\Models\Karyawan_model.php(23): CodeIgniter\Database\BaseBuilder->insert([...])
 6 APPPATH\Controllers\Karyawan.php(30): App\Models\Karyawan_model->saveKaryawan([...])
 7 SYSTEMPATH\CodeIgniter.php(941): App\Controllers\Karyawan->add()
 8 SYSTEMPATH\CodeIgniter.php(502): CodeIgniter\CodeIgniter->runController(Object(App\Controllers\Karyawan))
 9 SYSTEMPATH\CodeIgniter.php(361): CodeIgniter\CodeIgniter->handleRequest(null, Object(Config\Cache), false)
10 FCPATH\index.php(79): CodeIgniter\CodeIgniter->run()
ERROR - 2024-03-20 21:44:09 --> mysqli_sql_exception: Column 'nama_karyawan' cannot be null in C:\xampp\htdocs\project2\system\Database\MySQLi\Connection.php:306
Stack trace:
#0 C:\xampp\htdocs\project2\system\Database\MySQLi\Connection.php(306): mysqli->query('INSERT INTO `da...', 0)
#1 C:\xampp\htdocs\project2\system\Database\BaseConnection.php(693): CodeIgniter\Database\MySQLi\Connection->execute('INSERT INTO `da...')
#2 C:\xampp\htdocs\project2\system\Database\BaseConnection.php(607): CodeIgniter\Database\BaseConnection->simpleQuery('INSERT INTO `da...')
#3 C:\xampp\htdocs\project2\system\Database\BaseBuilder.php(2307): CodeIgniter\Database\BaseConnection->query('INSERT INTO `da...', Array, false)
#4 C:\xampp\htdocs\project2\app\Models\Karyawan_model.php(23): CodeIgniter\Database\BaseBuilder->insert(Array)
#5 C:\xampp\htdocs\project2\app\Controllers\Karyawan.php(30): App\Models\Karyawan_model->saveKaryawan(Array)
#6 C:\xampp\htdocs\project2\system\CodeIgniter.php(941): App\Controllers\Karyawan->add()
#7 C:\xampp\htdocs\project2\system\CodeIgniter.php(502): CodeIgniter\CodeIgniter->runController(Object(App\Controllers\Karyawan))
#8 C:\xampp\htdocs\project2\system\CodeIgniter.php(361): CodeIgniter\CodeIgniter->handleRequest(NULL, Object(Config\Cache), false)
#9 C:\xampp\htdocs\project2\public\index.php(79): CodeIgniter\CodeIgniter->run()
#10 {main}
CRITICAL - 2024-03-20 21:44:09 --> CodeIgniter\Database\Exceptions\DatabaseException: Column 'nama_karyawan' cannot be null
in SYSTEMPATH\Database\BaseConnection.php on line 647.
 1 SYSTEMPATH\Database\BaseBuilder.php(2307): CodeIgniter\Database\BaseConnection->query('INSERT INTO `data_karyawan` (`nama_karyawan`, `usia`, `status_vaksin_1`, `status_vaksin_2`) VALUES (:nama_karyawan:, :usia:, :status_vaksin_1:, :status_vaksin_2:)', [...], false)
 2 APPPATH\Models\Karyawan_model.php(23): CodeIgniter\Database\BaseBuilder->insert([...])
 3 APPPATH\Controllers\Karyawan.php(30): App\Models\Karyawan_model->saveKaryawan([...])
 4 SYSTEMPATH\CodeIgniter.php(941): App\Controllers\Karyawan->add()
 5 SYSTEMPATH\CodeIgniter.php(502): CodeIgniter\CodeIgniter->runController(Object(App\Controllers\Karyawan))
 6 SYSTEMPATH\CodeIgniter.php(361): CodeIgniter\CodeIgniter->handleRequest(null, Object(Config\Cache), false)
 7 FCPATH\index.php(79): CodeIgniter\CodeIgniter->run()
CRITICAL - 2024-03-20 21:44:09 --> [Caused by] CodeIgniter\Database\Exceptions\DatabaseException: Column 'nama_karyawan' cannot be null
in SYSTEMPATH\Database\MySQLi\Connection.php on line 311.
 1 SYSTEMPATH\Database\BaseConnection.php(693): CodeIgniter\Database\MySQLi\Connection->execute('INSERT INTO `data_karyawan` (`nama_karyawan`, `usia`, `status_vaksin_1`, `status_vaksin_2`) VALUES (NULL, NULL, NULL, NULL)')
 2 SYSTEMPATH\Database\BaseConnection.php(607): CodeIgniter\Database\BaseConnection->simpleQuery('INSERT INTO `data_karyawan` (`nama_karyawan`, `usia`, `status_vaksin_1`, `status_vaksin_2`) VALUES (NULL, NULL, NULL, NULL)')
 3 SYSTEMPATH\Database\BaseBuilder.php(2307): CodeIgniter\Database\BaseConnection->query('INSERT INTO `data_karyawan` (`nama_karyawan`, `usia`, `status_vaksin_1`, `status_vaksin_2`) VALUES (:nama_karyawan:, :usia:, :status_vaksin_1:, :status_vaksin_2:)', [...], false)
 4 APPPATH\Models\Karyawan_model.php(23): CodeIgniter\Database\BaseBuilder->insert([...])
 5 APPPATH\Controllers\Karyawan.php(30): App\Models\Karyawan_model->saveKaryawan([...])
 6 SYSTEMPATH\CodeIgniter.php(941): App\Controllers\Karyawan->add()
 7 SYSTEMPATH\CodeIgniter.php(502): CodeIgniter\CodeIgniter->runController(Object(App\Controllers\Karyawan))
 8 SYSTEMPATH\CodeIgniter.php(361): CodeIgniter\CodeIgniter->handleRequest(null, Object(Config\Cache), false)
 9 FCPATH\index.php(79): CodeIgniter\CodeIgniter->run()
CRITICAL - 2024-03-20 21:44:09 --> [Caused by] mysqli_sql_exception: Column 'nama_karyawan' cannot be null
in SYSTEMPATH\Database\MySQLi\Connection.php on line 306.
 1 SYSTEMPATH\Database\MySQLi\Connection.php(306): mysqli->query('INSERT INTO `data_karyawan` (`nama_karyawan`, `usia`, `status_vaksin_1`, `status_vaksin_2`) VALUES (NULL, NULL, NULL, NULL)', 0)
 2 SYSTEMPATH\Database\BaseConnection.php(693): CodeIgniter\Database\MySQLi\Connection->execute('INSERT INTO `data_karyawan` (`nama_karyawan`, `usia`, `status_vaksin_1`, `status_vaksin_2`) VALUES (NULL, NULL, NULL, NULL)')
 3 SYSTEMPATH\Database\BaseConnection.php(607): CodeIgniter\Database\BaseConnection->simpleQuery('INSERT INTO `data_karyawan` (`nama_karyawan`, `usia`, `status_vaksin_1`, `status_vaksin_2`) VALUES (NULL, NULL, NULL, NULL)')
 4 SYSTEMPATH\Database\BaseBuilder.php(2307): CodeIgniter\Database\BaseConnection->query('INSERT INTO `data_karyawan` (`nama_karyawan`, `usia`, `status_vaksin_1`, `status_vaksin_2`) VALUES (:nama_karyawan:, :usia:, :status_vaksin_1:, :status_vaksin_2:)', [...], false)
 5 APPPATH\Models\Karyawan_model.php(23): CodeIgniter\Database\BaseBuilder->insert([...])
 6 APPPATH\Controllers\Karyawan.php(30): App\Models\Karyawan_model->saveKaryawan([...])
 7 SYSTEMPATH\CodeIgniter.php(941): App\Controllers\Karyawan->add()
 8 SYSTEMPATH\CodeIgniter.php(502): CodeIgniter\CodeIgniter->runController(Object(App\Controllers\Karyawan))
 9 SYSTEMPATH\CodeIgniter.php(361): CodeIgniter\CodeIgniter->handleRequest(null, Object(Config\Cache), false)
10 FCPATH\index.php(79): CodeIgniter\CodeIgniter->run()
ERROR - 2024-03-20 21:45:09 --> mysqli_sql_exception: Column 'nama_karyawan' cannot be null in C:\xampp\htdocs\project2\system\Database\MySQLi\Connection.php:306
Stack trace:
#0 C:\xampp\htdocs\project2\system\Database\MySQLi\Connection.php(306): mysqli->query('INSERT INTO `da...', 0)
#1 C:\xampp\htdocs\project2\system\Database\BaseConnection.php(693): CodeIgniter\Database\MySQLi\Connection->execute('INSERT INTO `da...')
#2 C:\xampp\htdocs\project2\system\Database\BaseConnection.php(607): CodeIgniter\Database\BaseConnection->simpleQuery('INSERT INTO `da...')
#3 C:\xampp\htdocs\project2\system\Database\BaseBuilder.php(2307): CodeIgniter\Database\BaseConnection->query('INSERT INTO `da...', Array, false)
#4 C:\xampp\htdocs\project2\app\Models\Karyawan_model.php(23): CodeIgniter\Database\BaseBuilder->insert(Array)
#5 C:\xampp\htdocs\project2\app\Controllers\Karyawan.php(30): App\Models\Karyawan_model->saveKaryawan(Array)
#6 C:\xampp\htdocs\project2\system\CodeIgniter.php(941): App\Controllers\Karyawan->add()
#7 C:\xampp\htdocs\project2\system\CodeIgniter.php(502): CodeIgniter\CodeIgniter->runController(Object(App\Controllers\Karyawan))
#8 C:\xampp\htdocs\project2\system\CodeIgniter.php(361): CodeIgniter\CodeIgniter->handleRequest(NULL, Object(Config\Cache), false)
#9 C:\xampp\htdocs\project2\public\index.php(79): CodeIgniter\CodeIgniter->run()
#10 {main}
CRITICAL - 2024-03-20 21:45:09 --> CodeIgniter\Database\Exceptions\DatabaseException: Column 'nama_karyawan' cannot be null
in SYSTEMPATH\Database\BaseConnection.php on line 647.
 1 SYSTEMPATH\Database\BaseBuilder.php(2307): CodeIgniter\Database\BaseConnection->query('INSERT INTO `data_karyawan` (`nama_karyawan`, `usia`, `status_vaksin_1`, `status_vaksin_2`) VALUES (:nama_karyawan:, :usia:, :status_vaksin_1:, :status_vaksin_2:)', [...], false)
 2 APPPATH\Models\Karyawan_model.php(23): CodeIgniter\Database\BaseBuilder->insert([...])
 3 APPPATH\Controllers\Karyawan.php(30): App\Models\Karyawan_model->saveKaryawan([...])
 4 SYSTEMPATH\CodeIgniter.php(941): App\Controllers\Karyawan->add()
 5 SYSTEMPATH\CodeIgniter.php(502): CodeIgniter\CodeIgniter->runController(Object(App\Controllers\Karyawan))
 6 SYSTEMPATH\CodeIgniter.php(361): CodeIgniter\CodeIgniter->handleRequest(null, Object(Config\Cache), false)
 7 FCPATH\index.php(79): CodeIgniter\CodeIgniter->run()
CRITICAL - 2024-03-20 21:45:09 --> [Caused by] CodeIgniter\Database\Exceptions\DatabaseException: Column 'nama_karyawan' cannot be null
in SYSTEMPATH\Database\MySQLi\Connection.php on line 311.
 1 SYSTEMPATH\Database\BaseConnection.php(693): CodeIgniter\Database\MySQLi\Connection->execute('INSERT INTO `data_karyawan` (`nama_karyawan`, `usia`, `status_vaksin_1`, `status_vaksin_2`) VALUES (NULL, NULL, NULL, NULL)')
 2 SYSTEMPATH\Database\BaseConnection.php(607): CodeIgniter\Database\BaseConnection->simpleQuery('INSERT INTO `data_karyawan` (`nama_karyawan`, `usia`, `status_vaksin_1`, `status_vaksin_2`) VALUES (NULL, NULL, NULL, NULL)')
 3 SYSTEMPATH\Database\BaseBuilder.php(2307): CodeIgniter\Database\BaseConnection->query('INSERT INTO `data_karyawan` (`nama_karyawan`, `usia`, `status_vaksin_1`, `status_vaksin_2`) VALUES (:nama_karyawan:, :usia:, :status_vaksin_1:, :status_vaksin_2:)', [...], false)
 4 APPPATH\Models\Karyawan_model.php(23): CodeIgniter\Database\BaseBuilder->insert([...])
 5 APPPATH\Controllers\Karyawan.php(30): App\Models\Karyawan_model->saveKaryawan([...])
 6 SYSTEMPATH\CodeIgniter.php(941): App\Controllers\Karyawan->add()
 7 SYSTEMPATH\CodeIgniter.php(502): CodeIgniter\CodeIgniter->runController(Object(App\Controllers\Karyawan))
 8 SYSTEMPATH\CodeIgniter.php(361): CodeIgniter\CodeIgniter->handleRequest(null, Object(Config\Cache), false)
 9 FCPATH\index.php(79): CodeIgniter\CodeIgniter->run()
CRITICAL - 2024-03-20 21:45:09 --> [Caused by] mysqli_sql_exception: Column 'nama_karyawan' cannot be null
in SYSTEMPATH\Database\MySQLi\Connection.php on line 306.
 1 SYSTEMPATH\Database\MySQLi\Connection.php(306): mysqli->query('INSERT INTO `data_karyawan` (`nama_karyawan`, `usia`, `status_vaksin_1`, `status_vaksin_2`) VALUES (NULL, NULL, NULL, NULL)', 0)
 2 SYSTEMPATH\Database\BaseConnection.php(693): CodeIgniter\Database\MySQLi\Connection->execute('INSERT INTO `data_karyawan` (`nama_karyawan`, `usia`, `status_vaksin_1`, `status_vaksin_2`) VALUES (NULL, NULL, NULL, NULL)')
 3 SYSTEMPATH\Database\BaseConnection.php(607): CodeIgniter\Database\BaseConnection->simpleQuery('INSERT INTO `data_karyawan` (`nama_karyawan`, `usia`, `status_vaksin_1`, `status_vaksin_2`) VALUES (NULL, NULL, NULL, NULL)')
 4 SYSTEMPATH\Database\BaseBuilder.php(2307): CodeIgniter\Database\BaseConnection->query('INSERT INTO `data_karyawan` (`nama_karyawan`, `usia`, `status_vaksin_1`, `status_vaksin_2`) VALUES (:nama_karyawan:, :usia:, :status_vaksin_1:, :status_vaksin_2:)', [...], false)
 5 APPPATH\Models\Karyawan_model.php(23): CodeIgniter\Database\BaseBuilder->insert([...])
 6 APPPATH\Controllers\Karyawan.php(30): App\Models\Karyawan_model->saveKaryawan([...])
 7 SYSTEMPATH\CodeIgniter.php(941): App\Controllers\Karyawan->add()
 8 SYSTEMPATH\CodeIgniter.php(502): CodeIgniter\CodeIgniter->runController(Object(App\Controllers\Karyawan))
 9 SYSTEMPATH\CodeIgniter.php(361): CodeIgniter\CodeIgniter->handleRequest(null, Object(Config\Cache), false)
10 FCPATH\index.php(79): CodeIgniter\CodeIgniter->run()
